# JRE version: Java(TM) SE Runtime Environment (8.0_05-b13) (build 1.8.0_05-b13)
# Java VM: Java HotSpot(TM) 64-Bit Server VM (25.5-b02 mixed mode windows-amd64 compressed oops)
Heap:
 def new generation   total 1152K, used 835K [0x00000000a2400000, 0x00000000a2540000, 0x00000000c1800000)
  eden space 1024K,  69% used [0x00000000a2400000, 0x00000000a24b1028, 0x00000000a2500000)
  from space 128K,  99% used [0x00000000a2520000, 0x00000000a253ff10, 0x00000000a2540000)
  to   space 128K,   0% used [0x00000000a2500000, 0x00000000a2500000, 0x00000000a2520000)
 tenured generation   total 260864K, used 4396K [0x00000000c1800000, 0x00000000d16c0000, 0x0000000100000000)
   the space 260864K,   1% used [0x00000000c1800000, 0x00000000c1c4b1a0, 0x00000000c1c4b200, 0x00000000d16c0000)
 Metaspace       used 8813K, capacity 9076K, committed 9344K, reserved 1056768K
  class space    used 1060K, capacity 1126K, committed 1152K, reserved 1048576K
GC Heap History (10 events):
Event: 0.358 GC heap before
{Heap before GC invocations=36 (full 0):
 def new generation   total 1152K, used 1142K [0x00000000a2400000, 0x00000000a2540000, 0x00000000c1800000)
  eden space 1024K, 100% used [0x00000000a2400000, 0x00000000a2500000, 0x00000000a2500000)
  from space 128K,  92% used [0x00000000a2500000, 0x00000000a251da30, 0x00000000a2520000)
  to   space 128K,   0% used [0x00000000a2520000, 0x00000000a2520000, 0x00000000a2540000)
 tenured generation   total 260864K, used 4084K [0x00000000c1800000, 0x00000000d16c0000, 0x0000000100000000)
   the space 260864K,   1% used [0x00000000c1800000, 0x00000000c1bfd100, 0x00000000c1bfd200, 0x00000000d16c0000)
 Metaspace       used 8106K, capacity 8392K, committed 8576K, reserved 1056768K
  class space    used 947K, capacity 1028K, committed 1152K, reserved 1048576K
Event: 0.358 GC heap after
Heap after GC invocations=37 (full 0):
 def new generation   total 1152K, used 110K [0x00000000a2400000, 0x00000000a2540000, 0x00000000c1800000)
  eden space 1024K,   0% used [0x00000000a2400000, 0x00000000a2400000, 0x00000000a2500000)
  from space 128K,  86% used [0x00000000a2520000, 0x00000000a253b868, 0x00000000a2540000)
  to   space 128K,   0% used [0x00000000a2500000, 0x00000000a2500000, 0x00000000a2520000)
 tenured generation   total 260864K, used 4108K [0x00000000c1800000, 0x00000000d16c0000, 0x0000000100000000)
   the space 260864K,   1% used [0x00000000c1800000, 0x00000000c1c03220, 0x00000000c1c03400, 0x00000000d16c0000)
 Metaspace       used 8106K, capacity 8392K, committed 8576K, reserved 1056768K
  class space    used 947K, capacity 1028K, committed 1152K, reserved 1048576K
}
Event: 0.369 GC heap before
{Heap before GC invocations=37 (full 0):
 def new generation   total 1152K, used 1134K [0x00000000a2400000, 0x00000000a2540000, 0x00000000c1800000)
  eden space 1024K, 100% used [0x00000000a2400000, 0x00000000a2500000, 0x00000000a2500000)
  from space 128K,  86% used [0x00000000a2520000, 0x00000000a253b868, 0x00000000a2540000)
  to   space 128K,   0% used [0x00000000a2500000, 0x00000000a2500000, 0x00000000a2520000)
 tenured generation   total 260864K, used 4108K [0x00000000c1800000, 0x00000000d16c0000, 0x0000000100000000)
   the space 260864K,   1% used [0x00000000c1800000, 0x00000000c1c03220, 0x00000000c1c03400, 0x00000000d16c0000)
 Metaspace       used 8284K, capacity 8520K, committed 8832K, reserved 1056768K
  class space    used 986K, capacity 1028K, committed 1152K, reserved 1048576K
Event: 0.370 GC heap after
Heap after GC invocations=38 (full 0):
 def new generation   total 1152K, used 127K [0x00000000a2400000, 0x00000000a2540000, 0x00000000c1800000)
  eden space 1024K,   0% used [0x00000000a2400000, 0x00000000a2400000, 0x00000000a2500000)
  from space 128K,  99% used [0x00000000a2500000, 0x00000000a251fff8, 0x00000000a2520000)
  to   space 128K,   0% used [0x00000000a2520000, 0x00000000a2520000, 0x00000000a2540000)
 tenured generation   total 260864K, used 4158K [0x00000000c1800000, 0x00000000d16c0000, 0x0000000100000000)
   the space 260864K,   1% used [0x00000000c1800000, 0x00000000c1c0fa58, 0x00000000c1c0fc00, 0x00000000d16c0000)
 Metaspace       used 8284K, capacity 8520K, committed 8832K, reserved 1056768K
  class space    used 986K, capacity 1028K, committed 1152K, reserved 1048576K
}
Event: 0.382 GC heap before
{Heap before GC invocations=38 (full 0):
 def new generation   total 1152K, used 1151K [0x00000000a2400000, 0x00000000a2540000, 0x00000000c1800000)
  eden space 1024K, 100% used [0x00000000a2400000, 0x00000000a2500000, 0x00000000a2500000)
  from space 128K,  99% used [0x00000000a2500000, 0x00000000a251fff8, 0x00000000a2520000)
  to   space 128K,   0% used [0x00000000a2520000, 0x00000000a2520000, 0x00000000a2540000)
 tenured generation   total 260864K, used 4158K [0x00000000c1800000, 0x00000000d16c0000, 0x0000000100000000)
   the space 260864K,   1% used [0x00000000c1800000, 0x00000000c1c0fa58, 0x00000000c1c0fc00, 0x00000000d16c0000)
 Metaspace       used 8477K, capacity 8724K, committed 8832K, reserved 1056768K
  class space    used 1009K, capacity 1094K, committed 1152K, reserved 1048576K
Event: 0.383 GC heap after
Heap after GC invocations=39 (full 0):
 def new generation   total 1152K, used 122K [0x00000000a2400000, 0x00000000a2540000, 0x00000000c1800000)
  eden space 1024K,   0% used [0x00000000a2400000, 0x00000000a2400000, 0x00000000a2500000)
  from space 128K,  96% used [0x00000000a2520000, 0x00000000a253eb88, 0x00000000a2540000)
  to   space 128K,   0% used [0x00000000a2500000, 0x00000000a2500000, 0x00000000a2520000)
 tenured generation   total 260864K, used 4252K [0x00000000c1800000, 0x00000000d16c0000, 0x0000000100000000)
   the space 260864K,   1% used [0x00000000c1800000, 0x00000000c1c272a0, 0x00000000c1c27400, 0x00000000d16c0000)
 Metaspace       used 8477K, capacity 8724K, committed 8832K, reserved 1056768K
  class space    used 1009K, capacity 1094K, committed 1152K, reserved 1048576K
}
Event: 0.387 GC heap before
{Heap before GC invocations=39 (full 0):
 def new generation   total 1152K, used 1146K [0x00000000a2400000, 0x00000000a2540000, 0x00000000c1800000)
  eden space 1024K, 100% used [0x00000000a2400000, 0x00000000a2500000, 0x00000000a2500000)
  from space 128K,  96% used [0x00000000a2520000, 0x00000000a253eb88, 0x00000000a2540000)
  to   space 128K,   0% used [0x00000000a2500000, 0x00000000a2500000, 0x00000000a2520000)
 tenured generation   total 260864K, used 4252K [0x00000000c1800000, 0x00000000d16c0000, 0x0000000100000000)
   the space 260864K,   1% used [0x00000000c1800000, 0x00000000c1c272a0, 0x00000000c1c27400, 0x00000000d16c0000)
 Metaspace       used 8593K, capacity 8852K, committed 9088K, reserved 1056768K
  class space    used 1027K, capacity 1094K, committed 1152K, reserved 1048576K
Event: 0.388 GC heap after
Heap after GC invocations=40 (full 0):
 def new generation   total 1152K, used 127K [0x00000000a2400000, 0x00000000a2540000, 0x00000000c1800000)
  eden space 1024K,   0% used [0x00000000a2400000, 0x00000000a2400000, 0x00000000a2500000)
  from space 128K,  99% used [0x00000000a2500000, 0x00000000a251ff00, 0x00000000a2520000)
  to   space 128K,   0% used [0x00000000a2520000, 0x00000000a2520000, 0x00000000a2540000)
 tenured generation   total 260864K, used 4367K [0x00000000c1800000, 0x00000000d16c0000, 0x0000000100000000)
   the space 260864K,   1% used [0x00000000c1800000, 0x00000000c1c43f00, 0x00000000c1c44000, 0x00000000d16c0000)
 Metaspace       used 8593K, capacity 8852K, committed 9088K, reserved 1056768K
  class space    used 1027K, capacity 1094K, committed 1152K, reserved 1048576K
}
Event: 0.394 GC heap before
{Heap before GC invocations=40 (full 0):
 def new generation   total 1152K, used 1151K [0x00000000a2400000, 0x00000000a2540000, 0x00000000c1800000)
  eden space 1024K, 100% used [0x00000000a2400000, 0x00000000a2500000, 0x00000000a2500000)
  from space 128K,  99% used [0x00000000a2500000, 0x00000000a251ff00, 0x00000000a2520000)
  to   space 128K,   0% used [0x00000000a2520000, 0x00000000a2520000, 0x00000000a2540000)
 tenured generation   total 260864K, used 4367K [0x00000000c1800000, 0x00000000d16c0000, 0x0000000100000000)
   the space 260864K,   1% used [0x00000000c1800000, 0x00000000c1c43f00, 0x00000000c1c44000, 0x00000000d16c0000)
 Metaspace       used 8713K, capacity 8948K, committed 9088K, reserved 1056768K
  class space    used 1045K, capacity 1126K, committed 1152K, reserved 1048576K
Event: 0.394 GC heap after
Heap after GC invocations=41 (full 0):
 def new generation   total 1152K, used 127K [0x00000000a2400000, 0x00000000a2540000, 0x00000000c1800000)
  eden space 1024K,   0% used [0x00000000a2400000, 0x00000000a2400000, 0x00000000a2500000)
  from space 128K,  99% used [0x00000000a2520000, 0x00000000a253ff10, 0x00000000a2540000)
  to   space 128K,   0% used [0x00000000a2500000, 0x00000000a2500000, 0x00000000a2520000)
 tenured generation   total 260864K, used 4396K [0x00000000c1800000, 0x00000000d16c0000, 0x0000000100000000)
   the space 260864K,   1% used [0x00000000c1800000, 0x00000000c1c4b1a0, 0x00000000c1c4b200, 0x00000000d16c0000)
 Metaspace       used 8713K, capacity 8948K, committed 9088K, reserved 1056768K
  class space    used 1045K, capacity 1126K, committed 1152K, reserved 1048576K
}

