# JRE version: Java(TM) SE Runtime Environment (8.0_05-b13) (build 1.8.0_05-b13)
# Java VM: Java HotSpot(TM) 64-Bit Server VM (25.5-b02 mixed mode windows-amd64 compressed oops)
Heap:
 def new generation   total 1152K, used 1061K [0x00000000a2400000, 0x00000000a2540000, 0x00000000c1800000)
  eden space 1024K, 100% used [0x00000000a2400000, 0x00000000a2500000, 0x00000000a2500000)
  from space 128K,  29% used [0x00000000a2500000, 0x00000000a2509490, 0x00000000a2520000)
  to   space 128K,   0% used [0x00000000a2520000, 0x00000000a2520000, 0x00000000a2540000)
 tenured generation   total 260864K, used 44229K [0x00000000c1800000, 0x00000000d16c0000, 0x0000000100000000)
   the space 260864K,  16% used [0x00000000c1800000, 0x00000000c4331598, 0x00000000c4331600, 0x00000000d16c0000)
 Metaspace       used 16613K, capacity 17138K, committed 17408K, reserved 1064960K
  class space    used 1939K, capacity 2028K, committed 2048K, reserved 1048576K
GC Heap History (10 events):
Event: 16.164 GC heap before
{Heap before GC invocations=817 (full 0):
 def new generation   total 1152K, used 1054K [0x00000000a2400000, 0x00000000a2540000, 0x00000000c1800000)
  eden space 1024K, 100% used [0x00000000a2400000, 0x00000000a2500000, 0x00000000a2500000)
  from space 128K,  23% used [0x00000000a2520000, 0x00000000a25279f8, 0x00000000a2540000)
  to   space 128K,   0% used [0x00000000a2500000, 0x00000000a2500000, 0x00000000a2520000)
 tenured generation   total 260864K, used 44229K [0x00000000c1800000, 0x00000000d16c0000, 0x0000000100000000)
   the space 260864K,  16% used [0x00000000c1800000, 0x00000000c4331598, 0x00000000c4331600, 0x00000000d16c0000)
 Metaspace       used 16566K, capacity 17010K, committed 17152K, reserved 1064960K
  class space    used 1936K, capacity 2028K, committed 2048K, reserved 1048576K
Event: 16.165 GC heap after
Heap after GC invocations=818 (full 0):
 def new generation   total 1152K, used 50K [0x00000000a2400000, 0x00000000a2540000, 0x00000000c1800000)
  eden space 1024K,   0% used [0x00000000a2400000, 0x00000000a2400000, 0x00000000a2500000)
  from space 128K,  39% used [0x00000000a2500000, 0x00000000a250c870, 0x00000000a2520000)
  to   space 128K,   0% used [0x00000000a2520000, 0x00000000a2520000, 0x00000000a2540000)
 tenured generation   total 260864K, used 44229K [0x00000000c1800000, 0x00000000d16c0000, 0x0000000100000000)
   the space 260864K,  16% used [0x00000000c1800000, 0x00000000c4331598, 0x00000000c4331600, 0x00000000d16c0000)
 Metaspace       used 16566K, capacity 17010K, committed 17152K, reserved 1064960K
  class space    used 1936K, capacity 2028K, committed 2048K, reserved 1048576K
}
Event: 16.166 GC heap before
{Heap before GC invocations=818 (full 0):
 def new generation   total 1152K, used 1074K [0x00000000a2400000, 0x00000000a2540000, 0x00000000c1800000)
  eden space 1024K, 100% used [0x00000000a2400000, 0x00000000a2500000, 0x00000000a2500000)
  from space 128K,  39% used [0x00000000a2500000, 0x00000000a250c870, 0x00000000a2520000)
  to   space 128K,   0% used [0x00000000a2520000, 0x00000000a2520000, 0x00000000a2540000)
 tenured generation   total 260864K, used 44229K [0x00000000c1800000, 0x00000000d16c0000, 0x0000000100000000)
   the space 260864K,  16% used [0x00000000c1800000, 0x00000000c4331598, 0x00000000c4331600, 0x00000000d16c0000)
 Metaspace       used 16566K, capacity 17010K, committed 17152K, reserved 1064960K
  class space    used 1936K, capacity 2028K, committed 2048K, reserved 1048576K
Event: 16.167 GC heap after
Heap after GC invocations=819 (full 0):
 def new generation   total 1152K, used 52K [0x00000000a2400000, 0x00000000a2540000, 0x00000000c1800000)
  eden space 1024K,   0% used [0x00000000a2400000, 0x00000000a2400000, 0x00000000a2500000)
  from space 128K,  41% used [0x00000000a2520000, 0x00000000a252d3b8, 0x00000000a2540000)
  to   space 128K,   0% used [0x00000000a2500000, 0x00000000a2500000, 0x00000000a2520000)
 tenured generation   total 260864K, used 44229K [0x00000000c1800000, 0x00000000d16c0000, 0x0000000100000000)
   the space 260864K,  16% used [0x00000000c1800000, 0x00000000c4331598, 0x00000000c4331600, 0x00000000d16c0000)
 Metaspace       used 16566K, capacity 17010K, committed 17152K, reserved 1064960K
  class space    used 1936K, capacity 2028K, committed 2048K, reserved 1048576K
}
Event: 16.168 GC heap before
{Heap before GC invocations=819 (full 0):
 def new generation   total 1152K, used 1076K [0x00000000a2400000, 0x00000000a2540000, 0x00000000c1800000)
  eden space 1024K, 100% used [0x00000000a2400000, 0x00000000a2500000, 0x00000000a2500000)
  from space 128K,  41% used [0x00000000a2520000, 0x00000000a252d3b8, 0x00000000a2540000)
  to   space 128K,   0% used [0x00000000a2500000, 0x00000000a2500000, 0x00000000a2520000)
 tenured generation   total 260864K, used 44229K [0x00000000c1800000, 0x00000000d16c0000, 0x0000000100000000)
   the space 260864K,  16% used [0x00000000c1800000, 0x00000000c4331598, 0x00000000c4331600, 0x00000000d16c0000)
 Metaspace       used 16567K, capacity 17010K, committed 17152K, reserved 1064960K
  class space    used 1936K, capacity 2028K, committed 2048K, reserved 1048576K
Event: 16.169 GC heap after
Heap after GC invocations=820 (full 0):
 def new generation   total 1152K, used 24K [0x00000000a2400000, 0x00000000a2540000, 0x00000000c1800000)
  eden space 1024K,   0% used [0x00000000a2400000, 0x00000000a2400000, 0x00000000a2500000)
  from space 128K,  18% used [0x00000000a2500000, 0x00000000a25060f8, 0x00000000a2520000)
  to   space 128K,   0% used [0x00000000a2520000, 0x00000000a2520000, 0x00000000a2540000)
 tenured generation   total 260864K, used 44229K [0x00000000c1800000, 0x00000000d16c0000, 0x0000000100000000)
   the space 260864K,  16% used [0x00000000c1800000, 0x00000000c4331598, 0x00000000c4331600, 0x00000000d16c0000)
 Metaspace       used 16567K, capacity 17010K, committed 17152K, reserved 1064960K
  class space    used 1936K, capacity 2028K, committed 2048K, reserved 1048576K
}
Event: 16.170 GC heap before
{Heap before GC invocations=820 (full 0):
 def new generation   total 1152K, used 1048K [0x00000000a2400000, 0x00000000a2540000, 0x00000000c1800000)
  eden space 1024K, 100% used [0x00000000a2400000, 0x00000000a2500000, 0x00000000a2500000)
  from space 128K,  18% used [0x00000000a2500000, 0x00000000a25060f8, 0x00000000a2520000)
  to   space 128K,   0% used [0x00000000a2520000, 0x00000000a2520000, 0x00000000a2540000)
 tenured generation   total 260864K, used 44229K [0x00000000c1800000, 0x00000000d16c0000, 0x0000000100000000)
   the space 260864K,  16% used [0x00000000c1800000, 0x00000000c4331598, 0x00000000c4331600, 0x00000000d16c0000)
 Metaspace       used 16567K, capacity 17010K, committed 17152K, reserved 1064960K
  class space    used 1936K, capacity 2028K, committed 2048K, reserved 1048576K
Event: 16.170 GC heap after
Heap after GC invocations=821 (full 0):
 def new generation   total 1152K, used 53K [0x00000000a2400000, 0x00000000a2540000, 0x00000000c1800000)
  eden space 1024K,   0% used [0x00000000a2400000, 0x00000000a2400000, 0x00000000a2500000)
  from space 128K,  41% used [0x00000000a2520000, 0x00000000a252d6a0, 0x00000000a2540000)
  to   space 128K,   0% used [0x00000000a2500000, 0x00000000a2500000, 0x00000000a2520000)
 tenured generation   total 260864K, used 44229K [0x00000000c1800000, 0x00000000d16c0000, 0x0000000100000000)
   the space 260864K,  16% used [0x00000000c1800000, 0x00000000c4331598, 0x00000000c4331600, 0x00000000d16c0000)
 Metaspace       used 16567K, capacity 17010K, committed 17152K, reserved 1064960K
  class space    used 1936K, capacity 2028K, committed 2048K, reserved 1048576K
}
Event: 16.172 GC heap before
{Heap before GC invocations=821 (full 0):
 def new generation   total 1152K, used 1077K [0x00000000a2400000, 0x00000000a2540000, 0x00000000c1800000)
  eden space 1024K, 100% used [0x00000000a2400000, 0x00000000a2500000, 0x00000000a2500000)
  from space 128K,  41% used [0x00000000a2520000, 0x00000000a252d6a0, 0x00000000a2540000)
  to   space 128K,   0% used [0x00000000a2500000, 0x00000000a2500000, 0x00000000a2520000)
 tenured generation   total 260864K, used 44229K [0x00000000c1800000, 0x00000000d16c0000, 0x0000000100000000)
   the space 260864K,  16% used [0x00000000c1800000, 0x00000000c4331598, 0x00000000c4331600, 0x00000000d16c0000)
 Metaspace       used 16576K, capacity 17010K, committed 17152K, reserved 1064960K
  class space    used 1937K, capacity 2028K, committed 2048K, reserved 1048576K
Event: 16.173 GC heap after
Heap after GC invocations=822 (full 0):
 def new generation   total 1152K, used 37K [0x00000000a2400000, 0x00000000a2540000, 0x00000000c1800000)
  eden space 1024K,   0% used [0x00000000a2400000, 0x00000000a2400000, 0x00000000a2500000)
  from space 128K,  29% used [0x00000000a2500000, 0x00000000a2509490, 0x00000000a2520000)
  to   space 128K,   0% used [0x00000000a2520000, 0x00000000a2520000, 0x00000000a2540000)
 tenured generation   total 260864K, used 44229K [0x00000000c1800000, 0x00000000d16c0000, 0x0000000100000000)
   the space 260864K,  16% used [0x00000000c1800000, 0x00000000c4331598, 0x00000000c4331600, 0x00000000d16c0000)
 Metaspace       used 16576K, capacity 17010K, committed 17152K, reserved 1064960K
  class space    used 1937K, capacity 2028K, committed 2048K, reserved 1048576K
}

