# JRE version: Java(TM) SE Runtime Environment (8.0_05-b13) (build 1.8.0_05-b13)
# Java VM: Java HotSpot(TM) 64-Bit Server VM (25.5-b02 mixed mode windows-amd64 compressed oops)
Heap:
 def new generation   total 1152K, used 540K [0x00000000a2400000, 0x00000000a2540000, 0x00000000c1800000)
  eden space 1024K,  46% used [0x00000000a2400000, 0x00000000a24772f8, 0x00000000a2500000)
  from space 128K,  50% used [0x00000000a2520000, 0x00000000a2530018, 0x00000000a2540000)
  to   space 128K,   0% used [0x00000000a2500000, 0x00000000a2500000, 0x00000000a2520000)
 tenured generation   total 260864K, used 4040K [0x00000000c1800000, 0x00000000d16c0000, 0x0000000100000000)
   the space 260864K,   1% used [0x00000000c1800000, 0x00000000c1bf2130, 0x00000000c1bf2200, 0x00000000d16c0000)
 Metaspace       used 7746K, capacity 7992K, committed 8192K, reserved 1056768K
  class space    used 854K, capacity 900K, committed 1024K, reserved 1048576K
GC Heap History (10 events):
Event: 0.282 GC heap before
{Heap before GC invocations=26 (full 0):
 def new generation   total 1152K, used 1059K [0x00000000a2400000, 0x00000000a2540000, 0x00000000c1800000)
  eden space 1024K,  98% used [0x00000000a2400000, 0x00000000a24fd148, 0x00000000a2500000)
  from space 128K,  36% used [0x00000000a2500000, 0x00000000a250bcd0, 0x00000000a2520000)
  to   space 128K,   0% used [0x00000000a2520000, 0x00000000a2520000, 0x00000000a2540000)
 tenured generation   total 260864K, used 3460K [0x00000000c1800000, 0x00000000d16c0000, 0x0000000100000000)
   the space 260864K,   1% used [0x00000000c1800000, 0x00000000c1b612f0, 0x00000000c1b61400, 0x00000000d16c0000)
 Metaspace       used 6260K, capacity 6648K, committed 6784K, reserved 1056768K
  class space    used 689K, capacity 772K, committed 896K, reserved 1048576K
Event: 0.283 GC heap after
Heap after GC invocations=27 (full 0):
 def new generation   total 1152K, used 74K [0x00000000a2400000, 0x00000000a2540000, 0x00000000c1800000)
  eden space 1024K,   0% used [0x00000000a2400000, 0x00000000a2400000, 0x00000000a2500000)
  from space 128K,  58% used [0x00000000a2520000, 0x00000000a2532b50, 0x00000000a2540000)
  to   space 128K,   0% used [0x00000000a2500000, 0x00000000a2500000, 0x00000000a2520000)
 tenured generation   total 260864K, used 3460K [0x00000000c1800000, 0x00000000d16c0000, 0x0000000100000000)
   the space 260864K,   1% used [0x00000000c1800000, 0x00000000c1b612f0, 0x00000000c1b61400, 0x00000000d16c0000)
 Metaspace       used 6260K, capacity 6648K, committed 6784K, reserved 1056768K
  class space    used 689K, capacity 772K, committed 896K, reserved 1048576K
}
Event: 0.290 GC heap before
{Heap before GC invocations=27 (full 0):
 def new generation   total 1152K, used 1098K [0x00000000a2400000, 0x00000000a2540000, 0x00000000c1800000)
  eden space 1024K, 100% used [0x00000000a2400000, 0x00000000a2500000, 0x00000000a2500000)
  from space 128K,  58% used [0x00000000a2520000, 0x00000000a2532b50, 0x00000000a2540000)
  to   space 128K,   0% used [0x00000000a2500000, 0x00000000a2500000, 0x00000000a2520000)
 tenured generation   total 260864K, used 3460K [0x00000000c1800000, 0x00000000d16c0000, 0x0000000100000000)
   the space 260864K,   1% used [0x00000000c1800000, 0x00000000c1b612f0, 0x00000000c1b61400, 0x00000000d16c0000)
 Metaspace       used 6454K, capacity 6776K, committed 7040K, reserved 1056768K
  class space    used 705K, capacity 772K, committed 896K, reserved 1048576K
Event: 0.290 GC heap after
Heap after GC invocations=28 (full 0):
 def new generation   total 1152K, used 127K [0x00000000a2400000, 0x00000000a2540000, 0x00000000c1800000)
  eden space 1024K,   0% used [0x00000000a2400000, 0x00000000a2400000, 0x00000000a2500000)
  from space 128K,  99% used [0x00000000a2500000, 0x00000000a251ffd0, 0x00000000a2520000)
  to   space 128K,   0% used [0x00000000a2520000, 0x00000000a2520000, 0x00000000a2540000)
 tenured generation   total 260864K, used 3576K [0x00000000c1800000, 0x00000000d16c0000, 0x0000000100000000)
   the space 260864K,   1% used [0x00000000c1800000, 0x00000000c1b7e200, 0x00000000c1b7e200, 0x00000000d16c0000)
 Metaspace       used 6454K, capacity 6776K, committed 7040K, reserved 1056768K
  class space    used 705K, capacity 772K, committed 896K, reserved 1048576K
}
Event: 0.303 GC heap before
{Heap before GC invocations=28 (full 0):
 def new generation   total 1152K, used 1150K [0x00000000a2400000, 0x00000000a2540000, 0x00000000c1800000)
  eden space 1024K,  99% used [0x00000000a2400000, 0x00000000a24ffaa0, 0x00000000a2500000)
  from space 128K,  99% used [0x00000000a2500000, 0x00000000a251ffd0, 0x00000000a2520000)
  to   space 128K,   0% used [0x00000000a2520000, 0x00000000a2520000, 0x00000000a2540000)
 tenured generation   total 260864K, used 3576K [0x00000000c1800000, 0x00000000d16c0000, 0x0000000100000000)
   the space 260864K,   1% used [0x00000000c1800000, 0x00000000c1b7e200, 0x00000000c1b7e200, 0x00000000d16c0000)
 Metaspace       used 7265K, capacity 7512K, committed 7552K, reserved 1056768K
  class space    used 805K, capacity 868K, committed 896K, reserved 1048576K
Event: 0.304 GC heap after
Heap after GC invocations=29 (full 0):
 def new generation   total 1152K, used 127K [0x00000000a2400000, 0x00000000a2540000, 0x00000000c1800000)
  eden space 1024K,   0% used [0x00000000a2400000, 0x00000000a2400000, 0x00000000a2500000)
  from space 128K,  99% used [0x00000000a2520000, 0x00000000a253fff0, 0x00000000a2540000)
  to   space 128K,   0% used [0x00000000a2500000, 0x00000000a2500000, 0x00000000a2520000)
 tenured generation   total 260864K, used 3655K [0x00000000c1800000, 0x00000000d16c0000, 0x0000000100000000)
   the space 260864K,   1% used [0x00000000c1800000, 0x00000000c1b91f98, 0x00000000c1b92000, 0x00000000d16c0000)
 Metaspace       used 7265K, capacity 7512K, committed 7552K, reserved 1056768K
  class space    used 805K, capacity 868K, committed 896K, reserved 1048576K
}
Event: 0.319 GC heap before
{Heap before GC invocations=29 (full 0):
 def new generation   total 1152K, used 1151K [0x00000000a2400000, 0x00000000a2540000, 0x00000000c1800000)
  eden space 1024K, 100% used [0x00000000a2400000, 0x00000000a2500000, 0x00000000a2500000)
  from space 128K,  99% used [0x00000000a2520000, 0x00000000a253fff0, 0x00000000a2540000)
  to   space 128K,   0% used [0x00000000a2500000, 0x00000000a2500000, 0x00000000a2520000)
 tenured generation   total 260864K, used 3655K [0x00000000c1800000, 0x00000000d16c0000, 0x0000000100000000)
   the space 260864K,   1% used [0x00000000c1800000, 0x00000000c1b91f98, 0x00000000c1b92000, 0x00000000d16c0000)
 Metaspace       used 7688K, capacity 7928K, committed 8192K, reserved 1056768K
  class space    used 850K, capacity 900K, committed 1024K, reserved 1048576K
Event: 0.320 GC heap after
Heap after GC invocations=30 (full 0):
 def new generation   total 1152K, used 128K [0x00000000a2400000, 0x00000000a2540000, 0x00000000c1800000)
  eden space 1024K,   0% used [0x00000000a2400000, 0x00000000a2400000, 0x00000000a2500000)
  from space 128K, 100% used [0x00000000a2500000, 0x00000000a2520000, 0x00000000a2520000)
  to   space 128K,   0% used [0x00000000a2520000, 0x00000000a2520000, 0x00000000a2540000)
 tenured generation   total 260864K, used 3912K [0x00000000c1800000, 0x00000000d16c0000, 0x0000000100000000)
   the space 260864K,   1% used [0x00000000c1800000, 0x00000000c1bd22d8, 0x00000000c1bd2400, 0x00000000d16c0000)
 Metaspace       used 7688K, capacity 7928K, committed 8192K, reserved 1056768K
  class space    used 850K, capacity 900K, committed 1024K, reserved 1048576K
}
Event: 0.325 GC heap before
{Heap before GC invocations=30 (full 0):
 def new generation   total 1152K, used 1152K [0x00000000a2400000, 0x00000000a2540000, 0x00000000c1800000)
  eden space 1024K, 100% used [0x00000000a2400000, 0x00000000a2500000, 0x00000000a2500000)
  from space 128K, 100% used [0x00000000a2500000, 0x00000000a2520000, 0x00000000a2520000)
  to   space 128K,   0% used [0x00000000a2520000, 0x00000000a2520000, 0x00000000a2540000)
 tenured generation   total 260864K, used 3912K [0x00000000c1800000, 0x00000000d16c0000, 0x0000000100000000)
   the space 260864K,   1% used [0x00000000c1800000, 0x00000000c1bd22d8, 0x00000000c1bd2400, 0x00000000d16c0000)
 Metaspace       used 7704K, capacity 7928K, committed 8192K, reserved 1056768K
  class space    used 850K, capacity 900K, committed 1024K, reserved 1048576K
Event: 0.326 GC heap after
Heap after GC invocations=31 (full 0):
 def new generation   total 1152K, used 64K [0x00000000a2400000, 0x00000000a2540000, 0x00000000c1800000)
  eden space 1024K,   0% used [0x00000000a2400000, 0x00000000a2400000, 0x00000000a2500000)
  from space 128K,  50% used [0x00000000a2520000, 0x00000000a2530018, 0x00000000a2540000)
  to   space 128K,   0% used [0x00000000a2500000, 0x00000000a2500000, 0x00000000a2520000)
 tenured generation   total 260864K, used 4040K [0x00000000c1800000, 0x00000000d16c0000, 0x0000000100000000)
   the space 260864K,   1% used [0x00000000c1800000, 0x00000000c1bf2130, 0x00000000c1bf2200, 0x00000000d16c0000)
 Metaspace       used 7704K, capacity 7928K, committed 8192K, reserved 1056768K
  class space    used 850K, capacity 900K, committed 1024K, reserved 1048576K
}

