# JRE version: Java(TM) SE Runtime Environment (8.0_05-b13) (build 1.8.0_05-b13)
# Java VM: Java HotSpot(TM) 64-Bit Server VM (25.5-b02 mixed mode windows-amd64 compressed oops)
Heap:
 def new generation   total 1152K, used 140K [0x00000000a2400000, 0x00000000a2540000, 0x00000000c1800000)
  eden space 1024K,   1% used [0x00000000a2400000, 0x00000000a2405170, 0x00000000a2500000)
  from space 128K,  94% used [0x00000000a2500000, 0x00000000a251e1f0, 0x00000000a2520000)
  to   space 128K,   0% used [0x00000000a2520000, 0x00000000a2520000, 0x00000000a2540000)
 tenured generation   total 260864K, used 17663K [0x00000000c1800000, 0x00000000d16c0000, 0x0000000100000000)
   the space 260864K,   6% used [0x00000000c1800000, 0x00000000c293fc68, 0x00000000c293fe00, 0x00000000d16c0000)
 Metaspace       used 12131K, capacity 12504K, committed 12800K, reserved 1060864K
  class space    used 1394K, capacity 1460K, committed 1536K, reserved 1048576K
GC Heap History (10 events):
Event: 1.100 GC heap before
{Heap before GC invocations=181 (full 0):
 def new generation   total 1152K, used 1093K [0x00000000a2400000, 0x00000000a2540000, 0x00000000c1800000)
  eden space 1024K, 100% used [0x00000000a2400000, 0x00000000a2500000, 0x00000000a2500000)
  from space 128K,  53% used [0x00000000a2520000, 0x00000000a2531470, 0x00000000a2540000)
  to   space 128K,   0% used [0x00000000a2500000, 0x00000000a2500000, 0x00000000a2520000)
 tenured generation   total 260864K, used 17330K [0x00000000c1800000, 0x00000000d16c0000, 0x0000000100000000)
   the space 260864K,   6% used [0x00000000c1800000, 0x00000000c28eca58, 0x00000000c28ecc00, 0x00000000d16c0000)
 Metaspace       used 12090K, capacity 12504K, committed 12800K, reserved 1060864K
  class space    used 1393K, capacity 1460K, committed 1536K, reserved 1048576K
Event: 1.100 GC heap after
Heap after GC invocations=182 (full 0):
 def new generation   total 1152K, used 110K [0x00000000a2400000, 0x00000000a2540000, 0x00000000c1800000)
  eden space 1024K,   0% used [0x00000000a2400000, 0x00000000a2400000, 0x00000000a2500000)
  from space 128K,  86% used [0x00000000a2500000, 0x00000000a251bae8, 0x00000000a2520000)
  to   space 128K,   0% used [0x00000000a2520000, 0x00000000a2520000, 0x00000000a2540000)
 tenured generation   total 260864K, used 17343K [0x00000000c1800000, 0x00000000d16c0000, 0x0000000100000000)
   the space 260864K,   6% used [0x00000000c1800000, 0x00000000c28efd88, 0x00000000c28efe00, 0x00000000d16c0000)
 Metaspace       used 12090K, capacity 12504K, committed 12800K, reserved 1060864K
  class space    used 1393K, capacity 1460K, committed 1536K, reserved 1048576K
}
Event: 1.104 GC heap before
{Heap before GC invocations=182 (full 0):
 def new generation   total 1152K, used 1134K [0x00000000a2400000, 0x00000000a2540000, 0x00000000c1800000)
  eden space 1024K, 100% used [0x00000000a2400000, 0x00000000a2500000, 0x00000000a2500000)
  from space 128K,  86% used [0x00000000a2500000, 0x00000000a251bae8, 0x00000000a2520000)
  to   space 128K,   0% used [0x00000000a2520000, 0x00000000a2520000, 0x00000000a2540000)
 tenured generation   total 260864K, used 17343K [0x00000000c1800000, 0x00000000d16c0000, 0x0000000100000000)
   the space 260864K,   6% used [0x00000000c1800000, 0x00000000c28efd88, 0x00000000c28efe00, 0x00000000d16c0000)
 Metaspace       used 12096K, capacity 12504K, committed 12800K, reserved 1060864K
  class space    used 1393K, capacity 1460K, committed 1536K, reserved 1048576K
Event: 1.105 GC heap after
Heap after GC invocations=183 (full 0):
 def new generation   total 1152K, used 127K [0x00000000a2400000, 0x00000000a2540000, 0x00000000c1800000)
  eden space 1024K,   0% used [0x00000000a2400000, 0x00000000a2400000, 0x00000000a2500000)
  from space 128K,  99% used [0x00000000a2520000, 0x00000000a253fff0, 0x00000000a2540000)
  to   space 128K,   0% used [0x00000000a2500000, 0x00000000a2500000, 0x00000000a2520000)
 tenured generation   total 260864K, used 17399K [0x00000000c1800000, 0x00000000d16c0000, 0x0000000100000000)
   the space 260864K,   6% used [0x00000000c1800000, 0x00000000c28fde10, 0x00000000c28fe000, 0x00000000d16c0000)
 Metaspace       used 12096K, capacity 12504K, committed 12800K, reserved 1060864K
  class space    used 1393K, capacity 1460K, committed 1536K, reserved 1048576K
}
Event: 1.107 GC heap before
{Heap before GC invocations=183 (full 0):
 def new generation   total 1152K, used 1151K [0x00000000a2400000, 0x00000000a2540000, 0x00000000c1800000)
  eden space 1024K, 100% used [0x00000000a2400000, 0x00000000a2500000, 0x00000000a2500000)
  from space 128K,  99% used [0x00000000a2520000, 0x00000000a253fff0, 0x00000000a2540000)
  to   space 128K,   0% used [0x00000000a2500000, 0x00000000a2500000, 0x00000000a2520000)
 tenured generation   total 260864K, used 17399K [0x00000000c1800000, 0x00000000d16c0000, 0x0000000100000000)
   the space 260864K,   6% used [0x00000000c1800000, 0x00000000c28fde10, 0x00000000c28fe000, 0x00000000d16c0000)
 Metaspace       used 12096K, capacity 12504K, committed 12800K, reserved 1060864K
  class space    used 1393K, capacity 1460K, committed 1536K, reserved 1048576K
Event: 1.108 GC heap after
Heap after GC invocations=184 (full 0):
 def new generation   total 1152K, used 57K [0x00000000a2400000, 0x00000000a2540000, 0x00000000c1800000)
  eden space 1024K,   0% used [0x00000000a2400000, 0x00000000a2400000, 0x00000000a2500000)
  from space 128K,  44% used [0x00000000a2500000, 0x00000000a250e5e8, 0x00000000a2520000)
  to   space 128K,   0% used [0x00000000a2520000, 0x00000000a2520000, 0x00000000a2540000)
 tenured generation   total 260864K, used 17481K [0x00000000c1800000, 0x00000000d16c0000, 0x0000000100000000)
   the space 260864K,   6% used [0x00000000c1800000, 0x00000000c2912748, 0x00000000c2912800, 0x00000000d16c0000)
 Metaspace       used 12096K, capacity 12504K, committed 12800K, reserved 1060864K
  class space    used 1393K, capacity 1460K, committed 1536K, reserved 1048576K
}
Event: 1.112 GC heap before
{Heap before GC invocations=184 (full 0):
 def new generation   total 1152K, used 1081K [0x00000000a2400000, 0x00000000a2540000, 0x00000000c1800000)
  eden space 1024K, 100% used [0x00000000a2400000, 0x00000000a2500000, 0x00000000a2500000)
  from space 128K,  44% used [0x00000000a2500000, 0x00000000a250e5e8, 0x00000000a2520000)
  to   space 128K,   0% used [0x00000000a2520000, 0x00000000a2520000, 0x00000000a2540000)
 tenured generation   total 260864K, used 17481K [0x00000000c1800000, 0x00000000d16c0000, 0x0000000100000000)
   the space 260864K,   6% used [0x00000000c1800000, 0x00000000c2912748, 0x00000000c2912800, 0x00000000d16c0000)
 Metaspace       used 12108K, capacity 12504K, committed 12800K, reserved 1060864K
  class space    used 1394K, capacity 1460K, committed 1536K, reserved 1048576K
Event: 1.113 GC heap after
Heap after GC invocations=185 (full 0):
 def new generation   total 1152K, used 128K [0x00000000a2400000, 0x00000000a2540000, 0x00000000c1800000)
  eden space 1024K,   0% used [0x00000000a2400000, 0x00000000a2400000, 0x00000000a2500000)
  from space 128K, 100% used [0x00000000a2520000, 0x00000000a2540000, 0x00000000a2540000)
  to   space 128K,   0% used [0x00000000a2500000, 0x00000000a2500000, 0x00000000a2520000)
 tenured generation   total 260864K, used 17509K [0x00000000c1800000, 0x00000000d16c0000, 0x0000000100000000)
   the space 260864K,   6% used [0x00000000c1800000, 0x00000000c2919628, 0x00000000c2919800, 0x00000000d16c0000)
 Metaspace       used 12108K, capacity 12504K, committed 12800K, reserved 1060864K
  class space    used 1394K, capacity 1460K, committed 1536K, reserved 1048576K
}
Event: 1.116 GC heap before
{Heap before GC invocations=185 (full 0):
 def new generation   total 1152K, used 1152K [0x00000000a2400000, 0x00000000a2540000, 0x00000000c1800000)
  eden space 1024K, 100% used [0x00000000a2400000, 0x00000000a2500000, 0x00000000a2500000)
  from space 128K, 100% used [0x00000000a2520000, 0x00000000a2540000, 0x00000000a2540000)
  to   space 128K,   0% used [0x00000000a2500000, 0x00000000a2500000, 0x00000000a2520000)
 tenured generation   total 260864K, used 17509K [0x00000000c1800000, 0x00000000d16c0000, 0x0000000100000000)
   the space 260864K,   6% used [0x00000000c1800000, 0x00000000c2919628, 0x00000000c2919800, 0x00000000d16c0000)
 Metaspace       used 12110K, capacity 12504K, committed 12800K, reserved 1060864K
  class space    used 1394K, capacity 1460K, committed 1536K, reserved 1048576K
Event: 1.116 GC heap after
Heap after GC invocations=186 (full 0):
 def new generation   total 1152K, used 73K [0x00000000a2400000, 0x00000000a2540000, 0x00000000c1800000)
  eden space 1024K,   0% used [0x00000000a2400000, 0x00000000a2400000, 0x00000000a2500000)
  from space 128K,  57% used [0x00000000a2500000, 0x00000000a2512628, 0x00000000a2520000)
  to   space 128K,   0% used [0x00000000a2520000, 0x00000000a2520000, 0x00000000a2540000)
 tenured generation   total 260864K, used 17591K [0x00000000c1800000, 0x00000000d16c0000, 0x0000000100000000)
   the space 260864K,   6% used [0x00000000c1800000, 0x00000000c292dd08, 0x00000000c292de00, 0x00000000d16c0000)
 Metaspace       used 12110K, capacity 12504K, committed 12800K, reserved 1060864K
  class space    used 1394K, capacity 1460K, committed 1536K, reserved 1048576K
}

